
Gurobi 6.0.5 (mac64) logging started Tue Oct 27 16:01:47 2015

Optimize a model with 50 rows, 315 columns and 645 nonzeros
Coefficient statistics:
  Matrix range    [1e+00, 4e+00]
  Objective range [2e-04, 5e+00]
  Bounds range    [1e+00, 1e+00]
  RHS range       [1e+00, 1e+00]
Found heuristic solution: objective 33.3461
Presolve time: 0.00s
Presolved: 50 rows, 315 columns, 645 nonzeros
Variable types: 0 continuous, 315 integer (315 binary)

Root relaxation: objective 6.503730e+00, 59 iterations, 0.00 seconds

    Nodes    |    Current Node    |     Objective Bounds      |     Work
 Expl Unexpl |  Obj  Depth IntInf | Incumbent    BestBd   Gap | It/Node Time

     0     0    6.50373    0   12   33.34610    6.50373  80.5%     -    0s
H    0     0                      11.5023502    6.50373  43.5%     -    0s
H    0     0                       8.1447511    6.50373  20.1%     -    0s
     0     0    6.86502    0   26    8.14475    6.86502  15.7%     -    0s
H    0     0                       7.9698679    6.86502  13.9%     -    0s
     0     0    7.15796    0   31    7.96987    7.15796  10.2%     -    0s
     0     0    7.15796    0   12    7.96987    7.15796  10.2%     -    0s
     0     0    7.15796    0   26    7.96987    7.15796  10.2%     -    0s
     0     0    7.17122    0   29    7.96987    7.17122  10.0%     -    0s
     0     0    7.20932    0   15    7.96987    7.20932  9.54%     -    0s
     0     0    7.25863    0   22    7.96987    7.25863  8.92%     -    0s
     0     0    7.27348    0   55    7.96987    7.27348  8.74%     -    0s
H    0     0                       7.9022676    7.27348  7.96%     -    0s
     0     0    7.27348    0   12    7.90227    7.27348  7.96%     -    0s
     0     0    7.27348    0   17    7.90227    7.27348  7.96%     -    0s
     0     0    7.27348    0   12    7.90227    7.27348  7.96%     -    0s
     0     0    7.27348    0   48    7.90227    7.27348  7.96%     -    0s
     0     0    7.27401    0   47    7.90227    7.27401  7.95%     -    0s
     0     2    7.27401    0   47    7.90227    7.27401  7.95%     -    0s
*   60    11              18       7.8189696    7.31514  6.44%   4.0    0s
H   84     0                       7.6689838    7.31514  4.61%   3.6    0s
*  327     0               9       7.5711129    7.45079  1.59%   3.3    0s

Cutting planes:
  Gomory: 12
  Cover: 26
  Clique: 8
  MIR: 8
  Zero half: 2

Explored 421 nodes (1725 simplex iterations) in 0.11 seconds
Thread count was 4 (of 8 available processors)

Optimal solution found (tolerance 1.00e-04)
Best objective 7.571112923135e+00, best bound 7.571112923135e+00, gap 0.0%

Gurobi 6.5.2 (win64) logging started 11/15/16 13:01:26


Gurobi 6.5.2 (win64) logging started 11/15/16 13:13:28


Gurobi 6.5.2 (win64) logging started 11/15/16 13:14:26


Gurobi 6.5.2 (win64) logging started 11/15/16 13:17:16


Gurobi 6.5.2 (win64) logging started 11/15/16 13:18:55

Optimize a model with 50 rows, 315 columns and 645 nonzeros
Coefficient statistics:
  Matrix range    [1e+00, 4e+00]
  Objective range [2e-04, 5e+00]
  Bounds range    [1e+00, 1e+00]
  RHS range       [1e+00, 1e+00]
Found heuristic solution: objective 33.3461
Presolve time: 0.02s
Presolved: 50 rows, 315 columns, 645 nonzeros
Variable types: 0 continuous, 315 integer (315 binary)

Root relaxation: objective 6.503730e+00, 59 iterations, 0.00 seconds

    Nodes    |    Current Node    |     Objective Bounds      |     Work
 Expl Unexpl |  Obj  Depth IntInf | Incumbent    BestBd   Gap | It/Node Time

     0     0    6.50373    0   12   33.34610    6.50373  80.5%     -    0s
H    0     0                      11.5023502    6.50373  43.5%     -    0s
H    0     0                       8.1447511    6.50373  20.1%     -    0s
     0     0    6.86502    0   26    8.14475    6.86502  15.7%     -    0s
H    0     0                       7.9698679    6.86502  13.9%     -    0s
     0     0    7.01939    0   27    7.96987    7.01939  11.9%     -    0s
     0     0    7.17619    0    2    7.96987    7.17619  10.0%     -    0s
     0     0    7.17619    0   12    7.96987    7.17619  10.0%     -    0s
     0     0    7.17619    0   26    7.96987    7.17619  10.0%     -    0s
     0     0    7.17619    0    7    7.96987    7.17619  10.0%     -    0s
     0     0    7.19878    0   23    7.96987    7.19878  9.68%     -    0s
H    0     0                       7.9084726    7.19878  8.97%     -    0s
     0     0    7.25223    0   11    7.90847    7.25223  8.30%     -    0s
     0     0    7.28325    0   47    7.90847    7.28325  7.91%     -    0s
     0     0    7.28993    0   14    7.90847    7.28993  7.82%     -    0s
     0     0    7.30088    0   22    7.90847    7.30088  7.68%     -    0s
     0     0    7.32622    0   54    7.90847    7.32622  7.36%     -    0s
     0     0    7.32642    0   55    7.90847    7.32642  7.36%     -    0s
     0     0    7.36717    0   50    7.90847    7.36717  6.84%     -    0s
     0     0    7.37560    0   46    7.90847    7.37560  6.74%     -    0s
     0     0    7.39175    0   51    7.90847    7.39175  6.53%     -    0s
     0     0    7.39175    0   11    7.90847    7.39175  6.53%     -    0s
     0     0    7.39175    0   24    7.90847    7.39175  6.53%     -    0s
     0     0    7.39175    0   50    7.90847    7.39175  6.53%     -    0s
     0     0    7.39175    0   25    7.90847    7.39175  6.53%     -    0s
     0     0    7.39175    0   57    7.90847    7.39175  6.53%     -    0s
     0     0    7.39175    0   49    7.90847    7.39175  6.53%     -    0s
H    0     0                       7.5711129    7.39175  2.37%     -    0s
     0     0    7.39352    0   49    7.57111    7.39352  2.35%     -    0s
     0     0    7.40077    0   53    7.57111    7.40077  2.25%     -    0s
     0     0    7.40077    0   11    7.57111    7.40077  2.25%     -    0s
     0     0    7.40077    0   21    7.57111    7.40077  2.25%     -    0s
     0     0    7.40077    0   14    7.57111    7.40077  2.25%     -    0s
     0     0    7.40077    0   35    7.57111    7.40077  2.25%     -    0s
     0     0    7.40077    0   34    7.57111    7.40077  2.25%     -    0s
     0     0    7.41938    0    7    7.57111    7.41938  2.00%     -    0s
     0     0    7.42222    0   43    7.57111    7.42222  1.97%     -    0s
     0     0    7.42906    0   38    7.57111    7.42906  1.88%     -    0s
     0     0    7.42985    0   38    7.57111    7.42985  1.87%     -    0s
     0     0    7.42992    0   36    7.57111    7.42992  1.86%     -    0s
     0     0    7.42992    0   11    7.57111    7.42992  1.86%     -    0s
     0     0    7.42992    0   22    7.57111    7.42992  1.86%     -    0s
     0     0    7.42992    0   14    7.57111    7.42992  1.86%     -    0s
     0     0    7.42992    0   21    7.57111    7.42992  1.86%     -    0s
     0     0    7.42992    0   29    7.57111    7.42992  1.86%     -    0s
     0     0    7.42992    0   42    7.57111    7.42992  1.86%     -    0s
     0     0    7.42992    0    7    7.57111    7.42992  1.86%     -    0s
     0     0    7.42992    0   35    7.57111    7.42992  1.86%     -    0s
     0     0    7.43043    0   37    7.57111    7.43043  1.86%     -    0s
     0     2    7.43043    0   37    7.57111    7.43043  1.86%     -    0s

Cutting planes:
  Gomory: 6
  Cover: 21
  Clique: 5
  MIR: 1

Explored 51 nodes (848 simplex iterations) in 0.46 seconds
Thread count was 4 (of 4 available processors)

Optimal solution found (tolerance 1.00e-04)
Best objective 7.571112923135e+00, best bound 7.571112923135e+00, gap 0.0%

Gurobi 6.5.2 (win64) logging started 11/15/16 21:13:44


Gurobi 6.5.2 (win64) logging started 11/16/16 10:22:27


Gurobi 6.5.2 (win64) logging started 11/16/16 10:22:39


Gurobi 6.5.2 (win64) logging started 11/16/16 15:10:27

Optimize a model with 50 rows, 315 columns and 645 nonzeros
Coefficient statistics:
  Matrix range    [1e+00, 4e+00]
  Objective range [2e-04, 5e+00]
  Bounds range    [1e+00, 1e+00]
  RHS range       [1e+00, 1e+00]
Found heuristic solution: objective 33.3461
Presolve time: 0.00s
Presolved: 50 rows, 315 columns, 645 nonzeros
Variable types: 0 continuous, 315 integer (315 binary)

Root relaxation: objective 6.503730e+00, 59 iterations, 0.00 seconds

    Nodes    |    Current Node    |     Objective Bounds      |     Work
 Expl Unexpl |  Obj  Depth IntInf | Incumbent    BestBd   Gap | It/Node Time

     0     0    6.50373    0   12   33.34610    6.50373  80.5%     -    0s
H    0     0                      11.5023502    6.50373  43.5%     -    0s
H    0     0                       8.1447511    6.50373  20.1%     -    0s
     0     0    6.86502    0   26    8.14475    6.86502  15.7%     -    0s
H    0     0                       7.9698679    6.86502  13.9%     -    0s
     0     0    7.01939    0   27    7.96987    7.01939  11.9%     -    0s
     0     0    7.17619    0    2    7.96987    7.17619  10.0%     -    0s
     0     0    7.17619    0   12    7.96987    7.17619  10.0%     -    0s
     0     0    7.17619    0   26    7.96987    7.17619  10.0%     -    0s
     0     0    7.17619    0    7    7.96987    7.17619  10.0%     -    0s
     0     0    7.19878    0   23    7.96987    7.19878  9.68%     -    0s
H    0     0                       7.9084726    7.19878  8.97%     -    0s
     0     0    7.25223    0   11    7.90847    7.25223  8.30%     -    0s
     0     0    7.28325    0   47    7.90847    7.28325  7.91%     -    0s
     0     0    7.28993    0   14    7.90847    7.28993  7.82%     -    0s
     0     0    7.30088    0   22    7.90847    7.30088  7.68%     -    0s
     0     0    7.32622    0   54    7.90847    7.32622  7.36%     -    0s
     0     0    7.32642    0   55    7.90847    7.32642  7.36%     -    0s
     0     0    7.36717    0   50    7.90847    7.36717  6.84%     -    0s
     0     0    7.37560    0   46    7.90847    7.37560  6.74%     -    0s
     0     0    7.39175    0   51    7.90847    7.39175  6.53%     -    0s
     0     0    7.39175    0   11    7.90847    7.39175  6.53%     -    0s
     0     0    7.39175    0   24    7.90847    7.39175  6.53%     -    0s
     0     0    7.39175    0   50    7.90847    7.39175  6.53%     -    0s
     0     0    7.39175    0   25    7.90847    7.39175  6.53%     -    0s
     0     0    7.39175    0   57    7.90847    7.39175  6.53%     -    0s
     0     0    7.39175    0   49    7.90847    7.39175  6.53%     -    0s
H    0     0                       7.5711129    7.39175  2.37%     -    0s
     0     0    7.39352    0   49    7.57111    7.39352  2.35%     -    0s
     0     0    7.40077    0   53    7.57111    7.40077  2.25%     -    0s
     0     0    7.40077    0   11    7.57111    7.40077  2.25%     -    0s
     0     0    7.40077    0   21    7.57111    7.40077  2.25%     -    0s
     0     0    7.40077    0   14    7.57111    7.40077  2.25%     -    0s
     0     0    7.40077    0   35    7.57111    7.40077  2.25%     -    0s
     0     0    7.40077    0   34    7.57111    7.40077  2.25%     -    0s
     0     0    7.41938    0    7    7.57111    7.41938  2.00%     -    0s
     0     0    7.42222    0   43    7.57111    7.42222  1.97%     -    0s
     0     0    7.42906    0   38    7.57111    7.42906  1.88%     -    0s
     0     0    7.42985    0   38    7.57111    7.42985  1.87%     -    0s
     0     0    7.42992    0   36    7.57111    7.42992  1.86%     -    0s
     0     0    7.42992    0   11    7.57111    7.42992  1.86%     -    0s
     0     0    7.42992    0   22    7.57111    7.42992  1.86%     -    0s
     0     0    7.42992    0   14    7.57111    7.42992  1.86%     -    0s
     0     0    7.42992    0   21    7.57111    7.42992  1.86%     -    0s
     0     0    7.42992    0   29    7.57111    7.42992  1.86%     -    0s
     0     0    7.42992    0   42    7.57111    7.42992  1.86%     -    0s
     0     0    7.42992    0    7    7.57111    7.42992  1.86%     -    0s
     0     0    7.42992    0   35    7.57111    7.42992  1.86%     -    0s
     0     0    7.43043    0   37    7.57111    7.43043  1.86%     -    0s
     0     2    7.43043    0   37    7.57111    7.43043  1.86%     -    0s

Cutting planes:
  Gomory: 6
  Cover: 21
  Clique: 5
  MIR: 1

Explored 51 nodes (848 simplex iterations) in 0.45 seconds
Thread count was 4 (of 4 available processors)

Optimal solution found (tolerance 1.00e-04)
Best objective 7.571112923135e+00, best bound 7.571112923135e+00, gap 0.0%

Gurobi 6.5.2 (win64) logging started 11/16/16 15:43:37

Optimize a model with 50 rows, 315 columns and 645 nonzeros
Coefficient statistics:
  Matrix range    [1e+00, 4e+00]
  Objective range [2e-04, 5e+00]
  Bounds range    [1e+00, 1e+00]
  RHS range       [1e+00, 1e+00]
Found heuristic solution: objective 33.3461
Presolve time: 0.00s
Presolved: 50 rows, 315 columns, 645 nonzeros
Variable types: 0 continuous, 315 integer (315 binary)

Root relaxation: objective 6.503730e+00, 59 iterations, 0.00 seconds

    Nodes    |    Current Node    |     Objective Bounds      |     Work
 Expl Unexpl |  Obj  Depth IntInf | Incumbent    BestBd   Gap | It/Node Time

     0     0    6.50373    0   12   33.34610    6.50373  80.5%     -    0s
H    0     0                      11.5023502    6.50373  43.5%     -    0s
H    0     0                       8.1447511    6.50373  20.1%     -    0s
     0     0    6.86502    0   26    8.14475    6.86502  15.7%     -    0s
H    0     0                       7.9698679    6.86502  13.9%     -    0s
     0     0    7.01939    0   27    7.96987    7.01939  11.9%     -    0s
     0     0    7.17619    0    2    7.96987    7.17619  10.0%     -    0s
     0     0    7.17619    0   12    7.96987    7.17619  10.0%     -    0s
     0     0    7.17619    0   26    7.96987    7.17619  10.0%     -    0s
     0     0    7.17619    0    7    7.96987    7.17619  10.0%     -    0s
     0     0    7.19878    0   23    7.96987    7.19878  9.68%     -    0s
H    0     0                       7.9084726    7.19878  8.97%     -    0s
     0     0    7.25223    0   11    7.90847    7.25223  8.30%     -    0s
     0     0    7.28325    0   47    7.90847    7.28325  7.91%     -    0s
     0     0    7.28993    0   14    7.90847    7.28993  7.82%     -    0s
     0     0    7.30088    0   22    7.90847    7.30088  7.68%     -    0s
     0     0    7.32622    0   54    7.90847    7.32622  7.36%     -    0s
     0     0    7.32642    0   55    7.90847    7.32642  7.36%     -    0s
     0     0    7.36717    0   50    7.90847    7.36717  6.84%     -    0s
     0     0    7.37560    0   46    7.90847    7.37560  6.74%     -    0s
     0     0    7.39175    0   51    7.90847    7.39175  6.53%     -    0s
     0     0    7.39175    0   11    7.90847    7.39175  6.53%     -    0s
     0     0    7.39175    0   24    7.90847    7.39175  6.53%     -    0s
     0     0    7.39175    0   50    7.90847    7.39175  6.53%     -    0s
     0     0    7.39175    0   25    7.90847    7.39175  6.53%     -    0s
     0     0    7.39175    0   57    7.90847    7.39175  6.53%     -    0s
     0     0    7.39175    0   49    7.90847    7.39175  6.53%     -    0s
H    0     0                       7.5711129    7.39175  2.37%     -    0s
     0     0    7.39352    0   49    7.57111    7.39352  2.35%     -    0s
     0     0    7.40077    0   53    7.57111    7.40077  2.25%     -    0s
     0     0    7.40077    0   11    7.57111    7.40077  2.25%     -    0s
     0     0    7.40077    0   21    7.57111    7.40077  2.25%     -    0s
     0     0    7.40077    0   14    7.57111    7.40077  2.25%     -    0s
     0     0    7.40077    0   35    7.57111    7.40077  2.25%     -    0s
     0     0    7.40077    0   34    7.57111    7.40077  2.25%     -    0s
     0     0    7.41938    0    7    7.57111    7.41938  2.00%     -    0s
     0     0    7.42222    0   43    7.57111    7.42222  1.97%     -    0s
     0     0    7.42906    0   38    7.57111    7.42906  1.88%     -    0s
     0     0    7.42985    0   38    7.57111    7.42985  1.87%     -    0s
     0     0    7.42992    0   36    7.57111    7.42992  1.86%     -    0s
     0     0    7.42992    0   11    7.57111    7.42992  1.86%     -    0s
     0     0    7.42992    0   22    7.57111    7.42992  1.86%     -    0s
     0     0    7.42992    0   14    7.57111    7.42992  1.86%     -    0s
     0     0    7.42992    0   21    7.57111    7.42992  1.86%     -    0s
     0     0    7.42992    0   29    7.57111    7.42992  1.86%     -    0s
     0     0    7.42992    0   42    7.57111    7.42992  1.86%     -    0s
     0     0    7.42992    0    7    7.57111    7.42992  1.86%     -    0s
     0     0    7.42992    0   35    7.57111    7.42992  1.86%     -    0s
     0     0    7.43043    0   37    7.57111    7.43043  1.86%     -    0s
     0     2    7.43043    0   37    7.57111    7.43043  1.86%     -    0s

Cutting planes:
  Gomory: 6
  Cover: 21
  Clique: 5
  MIR: 1

Explored 51 nodes (848 simplex iterations) in 0.45 seconds
Thread count was 4 (of 4 available processors)

Optimal solution found (tolerance 1.00e-04)
Best objective 7.571112923135e+00, best bound 7.571112923135e+00, gap 0.0%

Gurobi 6.5.2 (win64) logging started 11/29/16 11:36:59

Optimize a model with 50 rows, 315 columns and 645 nonzeros
Coefficient statistics:
  Matrix range    [1e+00, 4e+00]
  Objective range [2e-04, 5e+00]
  Bounds range    [1e+00, 1e+00]
  RHS range       [1e+00, 1e+00]
Found heuristic solution: objective 33.3461
Presolve time: 0.00s
Presolved: 50 rows, 315 columns, 645 nonzeros
Variable types: 0 continuous, 315 integer (315 binary)

Root relaxation: objective 6.503730e+00, 59 iterations, 0.00 seconds

    Nodes    |    Current Node    |     Objective Bounds      |     Work
 Expl Unexpl |  Obj  Depth IntInf | Incumbent    BestBd   Gap | It/Node Time

     0     0    6.50373    0   12   33.34610    6.50373  80.5%     -    0s
H    0     0                      11.5023502    6.50373  43.5%     -    0s
H    0     0                       8.1447511    6.50373  20.1%     -    0s
     0     0    6.86502    0   26    8.14475    6.86502  15.7%     -    0s
H    0     0                       7.9698679    6.86502  13.9%     -    0s
     0     0    7.01939    0   27    7.96987    7.01939  11.9%     -    0s
     0     0    7.17619    0    2    7.96987    7.17619  10.0%     -    0s
     0     0    7.17619    0   12    7.96987    7.17619  10.0%     -    0s
     0     0    7.17619    0   26    7.96987    7.17619  10.0%     -    0s
     0     0    7.17619    0    7    7.96987    7.17619  10.0%     -    0s
     0     0    7.19878    0   23    7.96987    7.19878  9.68%     -    0s
H    0     0                       7.9084726    7.19878  8.97%     -    0s
     0     0    7.25223    0   11    7.90847    7.25223  8.30%     -    0s
     0     0    7.28325    0   47    7.90847    7.28325  7.91%     -    0s
     0     0    7.28993    0   14    7.90847    7.28993  7.82%     -    0s
     0     0    7.30088    0   22    7.90847    7.30088  7.68%     -    0s
     0     0    7.32622    0   54    7.90847    7.32622  7.36%     -    0s
     0     0    7.32642    0   55    7.90847    7.32642  7.36%     -    0s
     0     0    7.36717    0   50    7.90847    7.36717  6.84%     -    0s
     0     0    7.37560    0   46    7.90847    7.37560  6.74%     -    0s
     0     0    7.39175    0   51    7.90847    7.39175  6.53%     -    0s
     0     0    7.39175    0   11    7.90847    7.39175  6.53%     -    0s
     0     0    7.39175    0   24    7.90847    7.39175  6.53%     -    0s
     0     0    7.39175    0   50    7.90847    7.39175  6.53%     -    0s
     0     0    7.39175    0   25    7.90847    7.39175  6.53%     -    0s
     0     0    7.39175    0   57    7.90847    7.39175  6.53%     -    0s
     0     0    7.39175    0   49    7.90847    7.39175  6.53%     -    0s
H    0     0                       7.5711129    7.39175  2.37%     -    0s
     0     0    7.39352    0   49    7.57111    7.39352  2.35%     -    0s
     0     0    7.40077    0   53    7.57111    7.40077  2.25%     -    0s
     0     0    7.40077    0   11    7.57111    7.40077  2.25%     -    0s
     0     0    7.40077    0   21    7.57111    7.40077  2.25%     -    0s
     0     0    7.40077    0   14    7.57111    7.40077  2.25%     -    0s
     0     0    7.40077    0   35    7.57111    7.40077  2.25%     -    0s
     0     0    7.40077    0   34    7.57111    7.40077  2.25%     -    0s
     0     0    7.41938    0    7    7.57111    7.41938  2.00%     -    0s
     0     0    7.42222    0   43    7.57111    7.42222  1.97%     -    0s
     0     0    7.42906    0   38    7.57111    7.42906  1.88%     -    0s
     0     0    7.42985    0   38    7.57111    7.42985  1.87%     -    0s
     0     0    7.42992    0   36    7.57111    7.42992  1.86%     -    0s
     0     0    7.42992    0   11    7.57111    7.42992  1.86%     -    0s
     0     0    7.42992    0   22    7.57111    7.42992  1.86%     -    0s
     0     0    7.42992    0   14    7.57111    7.42992  1.86%     -    0s
     0     0    7.42992    0   21    7.57111    7.42992  1.86%     -    0s
     0     0    7.42992    0   29    7.57111    7.42992  1.86%     -    0s
     0     0    7.42992    0   42    7.57111    7.42992  1.86%     -    0s
     0     0    7.42992    0    7    7.57111    7.42992  1.86%     -    0s
     0     0    7.42992    0   35    7.57111    7.42992  1.86%     -    0s
     0     0    7.43043    0   37    7.57111    7.43043  1.86%     -    0s
     0     2    7.43043    0   37    7.57111    7.43043  1.86%     -    0s

Cutting planes:
  Gomory: 6
  Cover: 21
  Clique: 5
  MIR: 1

Explored 51 nodes (848 simplex iterations) in 0.44 seconds
Thread count was 4 (of 4 available processors)

Optimal solution found (tolerance 1.00e-04)
Best objective 7.571112923135e+00, best bound 7.571112923135e+00, gap 0.0%
Optimize a model with 50 rows, 315 columns and 645 nonzeros
Coefficient statistics:
  Matrix range    [1e+00, 4e+00]
  Objective range [2e-04, 5e+00]
  Bounds range    [1e+00, 1e+00]
  RHS range       [1e+00, 1e+00]
Found heuristic solution: objective 33.3461
Presolve time: 0.00s
Presolved: 50 rows, 315 columns, 645 nonzeros
Variable types: 0 continuous, 315 integer (315 binary)

Root relaxation: objective 6.503730e+00, 59 iterations, 0.00 seconds

    Nodes    |    Current Node    |     Objective Bounds      |     Work
 Expl Unexpl |  Obj  Depth IntInf | Incumbent    BestBd   Gap | It/Node Time

     0     0    6.50373    0   12   33.34610    6.50373  80.5%     -    0s
H    0     0                      11.5023502    6.50373  43.5%     -    0s
H    0     0                       8.1447511    6.50373  20.1%     -    0s
     0     0    6.86502    0   26    8.14475    6.86502  15.7%     -    0s
H    0     0                       7.9698679    6.86502  13.9%     -    0s
     0     0    7.01939    0   27    7.96987    7.01939  11.9%     -    0s
     0     0    7.17619    0    2    7.96987    7.17619  10.0%     -    0s
     0     0    7.17619    0   12    7.96987    7.17619  10.0%     -    0s
     0     0    7.17619    0   26    7.96987    7.17619  10.0%     -    0s
     0     0    7.17619    0    7    7.96987    7.17619  10.0%     -    0s
     0     0    7.19878    0   23    7.96987    7.19878  9.68%     -    0s
H    0     0                       7.9084726    7.19878  8.97%     -    0s
     0     0    7.25223    0   11    7.90847    7.25223  8.30%     -    0s
     0     0    7.28325    0   47    7.90847    7.28325  7.91%     -    0s
     0     0    7.28993    0   14    7.90847    7.28993  7.82%     -    0s
     0     0    7.30088    0   22    7.90847    7.30088  7.68%     -    0s
     0     0    7.32622    0   54    7.90847    7.32622  7.36%     -    0s
     0     0    7.32642    0   55    7.90847    7.32642  7.36%     -    0s
     0     0    7.36717    0   50    7.90847    7.36717  6.84%     -    0s
     0     0    7.37560    0   46    7.90847    7.37560  6.74%     -    0s
     0     0    7.39175    0   51    7.90847    7.39175  6.53%     -    0s
     0     0    7.39175    0   11    7.90847    7.39175  6.53%     -    0s
     0     0    7.39175    0   24    7.90847    7.39175  6.53%     -    0s
     0     0    7.39175    0   50    7.90847    7.39175  6.53%     -    0s
     0     0    7.39175    0   25    7.90847    7.39175  6.53%     -    0s
     0     0    7.39175    0   57    7.90847    7.39175  6.53%     -    0s
     0     0    7.39175    0   49    7.90847    7.39175  6.53%     -    0s
H    0     0                       7.5711129    7.39175  2.37%     -    0s
     0     0    7.39352    0   49    7.57111    7.39352  2.35%     -    0s
     0     0    7.40077    0   53    7.57111    7.40077  2.25%     -    0s
     0     0    7.40077    0   11    7.57111    7.40077  2.25%     -    0s
     0     0    7.40077    0   21    7.57111    7.40077  2.25%     -    0s
     0     0    7.40077    0   14    7.57111    7.40077  2.25%     -    0s
     0     0    7.40077    0   35    7.57111    7.40077  2.25%     -    0s
     0     0    7.40077    0   34    7.57111    7.40077  2.25%     -    0s
     0     0    7.41938    0    7    7.57111    7.41938  2.00%     -    0s
     0     0    7.42222    0   43    7.57111    7.42222  1.97%     -    0s
     0     0    7.42906    0   38    7.57111    7.42906  1.88%     -    0s
     0     0    7.42985    0   38    7.57111    7.42985  1.87%     -    0s
     0     0    7.42992    0   36    7.57111    7.42992  1.86%     -    0s
     0     0    7.42992    0   11    7.57111    7.42992  1.86%     -    0s
     0     0    7.42992    0   22    7.57111    7.42992  1.86%     -    0s
     0     0    7.42992    0   14    7.57111    7.42992  1.86%     -    0s
     0     0    7.42992    0   21    7.57111    7.42992  1.86%     -    0s
     0     0    7.42992    0   29    7.57111    7.42992  1.86%     -    0s
     0     0    7.42992    0   42    7.57111    7.42992  1.86%     -    0s
     0     0    7.42992    0    7    7.57111    7.42992  1.86%     -    0s
     0     0    7.42992    0   35    7.57111    7.42992  1.86%     -    0s
     0     0    7.43043    0   37    7.57111    7.43043  1.86%     -    0s
     0     2    7.43043    0   37    7.57111    7.43043  1.86%     -    0s

Cutting planes:
  Gomory: 6
  Cover: 21
  Clique: 5
  MIR: 1

Explored 51 nodes (848 simplex iterations) in 0.46 seconds
Thread count was 4 (of 4 available processors)

Optimal solution found (tolerance 1.00e-04)
Best objective 7.571112923135e+00, best bound 7.571112923135e+00, gap 0.0%
Optimize a model with 50 rows, 315 columns and 645 nonzeros
Coefficient statistics:
  Matrix range    [1e+00, 4e+00]
  Objective range [2e-04, 5e+00]
  Bounds range    [1e+00, 1e+00]
  RHS range       [1e+00, 1e+00]
Found heuristic solution: objective 33.3461
Presolve time: 0.00s
Presolved: 50 rows, 315 columns, 645 nonzeros
Variable types: 0 continuous, 315 integer (315 binary)

Root relaxation: objective 6.503730e+00, 59 iterations, 0.00 seconds

    Nodes    |    Current Node    |     Objective Bounds      |     Work
 Expl Unexpl |  Obj  Depth IntInf | Incumbent    BestBd   Gap | It/Node Time

     0     0    6.50373    0   12   33.34610    6.50373  80.5%     -    0s
H    0     0                      11.5023502    6.50373  43.5%     -    0s
H    0     0                       8.1447511    6.50373  20.1%     -    0s
     0     0    6.86502    0   26    8.14475    6.86502  15.7%     -    0s
H    0     0                       7.9698679    6.86502  13.9%     -    0s
     0     0    7.01939    0   27    7.96987    7.01939  11.9%     -    0s
     0     0    7.17619    0    2    7.96987    7.17619  10.0%     -    0s
     0     0    7.17619    0   12    7.96987    7.17619  10.0%     -    0s
     0     0    7.17619    0   26    7.96987    7.17619  10.0%     -    0s
     0     0    7.17619    0    7    7.96987    7.17619  10.0%     -    0s
     0     0    7.19878    0   23    7.96987    7.19878  9.68%     -    0s
     0     0    7.25223    0   11    7.96987    7.25223  9.00%     -    0s
     0     0    7.28325    0   47    7.96987    7.28325  8.62%     -    0s
     0     0    7.28993    0   14    7.96987    7.28993  8.53%     -    0s
     0     0    7.30088    0   22    7.96987    7.30088  8.39%     -    0s
     0     0    7.31947    0   36    7.96987    7.31947  8.16%     -    0s
     0     0    7.31947    0   12    7.96987    7.31947  8.16%     -    0s
     0     0    7.31947    0   26    7.96987    7.31947  8.16%     -    0s
     0     0    7.31947    0    7    7.96987    7.31947  8.16%     -    0s
     0     0    7.31947    0   16    7.96987    7.31947  8.16%     -    0s
     0     0    7.31947    0   26    7.96987    7.31947  8.16%     -    0s
     0     0    7.31947    0   57    7.96987    7.31947  8.16%     -    0s
     0     0    7.31947    0   23    7.96987    7.31947  8.16%     -    0s
     0     0    7.31947    0   13    7.96987    7.31947  8.16%     -    0s
     0     0    7.31947    0   36    7.96987    7.31947  8.16%     -    0s
     0     0    7.33318    0   42    7.96987    7.33318  7.99%     -    0s
H    0     0                       7.9022676    7.33318  7.20%     -    0s
     0     2    7.33318    0   42    7.90227    7.33318  7.20%     -    0s
*   30     0               9       7.6026832    7.36571  3.12%   5.7    0s
*  139     6               7       7.5711129    7.45068  1.59%   4.5    0s

Cutting planes:
  Gomory: 4
  Cover: 21
  Clique: 8
  MIR: 3

Explored 180 nodes (1086 simplex iterations) in 0.31 seconds
Thread count was 4 (of 4 available processors)

Optimal solution found (tolerance 1.00e-04)
Best objective 7.571112923135e+00, best bound 7.571112923135e+00, gap 0.0%
Optimize a model with 50 rows, 315 columns and 645 nonzeros
Coefficient statistics:
  Matrix range    [1e+00, 4e+00]
  Objective range [2e-04, 5e+00]
  Bounds range    [1e+00, 1e+00]
  RHS range       [1e+00, 1e+00]
Found heuristic solution: objective 33.3461
Presolve time: 0.00s
Presolved: 50 rows, 315 columns, 645 nonzeros
Variable types: 0 continuous, 315 integer (315 binary)

Root relaxation: objective 6.503730e+00, 61 iterations, 0.00 seconds

    Nodes    |    Current Node    |     Objective Bounds      |     Work
 Expl Unexpl |  Obj  Depth IntInf | Incumbent    BestBd   Gap | It/Node Time

     0     0    6.50373    0   12   33.34610    6.50373  80.5%     -    0s
H    0     0                      11.5023502    6.50373  43.5%     -    0s
H    0     0                       8.1447511    6.50373  20.1%     -    0s
     0     0    6.86742    0   27    8.14475    6.86742  15.7%     -    0s
     0     0    7.00738    0   25    8.14475    7.00738  14.0%     -    0s
     0     0    7.15325    0    5    8.14475    7.15325  12.2%     -    0s
     0     0    7.15325    0   12    8.14475    7.15325  12.2%     -    0s
     0     0    7.15325    0   28    8.14475    7.15325  12.2%     -    0s
     0     0    7.15325    0   20    8.14475    7.15325  12.2%     -    0s
     0     0    7.19878    0   23    8.14475    7.19878  11.6%     -    0s
     0     0    7.25194    0   33    8.14475    7.25194  11.0%     -    0s
     0     0    7.28993    0   14    8.14475    7.28993  10.5%     -    0s
H    0     0                       8.0504527    7.28993  9.45%     -    0s
     0     0    7.30088    0   22    8.05045    7.30088  9.31%     -    0s
H    0     0                       7.9401481    7.30088  8.05%     -    0s
     0     0    7.30088    0   12    7.94015    7.30088  8.05%     -    0s
     0     0    7.30088    0   27    7.94015    7.30088  8.05%     -    0s
     0     0    7.30088    0   28    7.94015    7.30088  8.05%     -    0s
     0     0    7.30088    0   16    7.94015    7.30088  8.05%     -    0s
H    0     0                       7.5711129    7.30088  3.57%     -    0s
     0     0    7.30088    0   26    7.57111    7.30088  3.57%     -    0s
     0     0    7.30088    0   31    7.57111    7.30088  3.57%     -    0s
     0     0    7.30088    0   11    7.57111    7.30088  3.57%     -    0s
     0     0    7.30088    0   29    7.57111    7.30088  3.57%     -    0s
     0     0    7.30088    0   26    7.57111    7.30088  3.57%     -    0s
     0     0    7.30088    0   39    7.57111    7.30088  3.57%     -    0s
     0     0    7.32214    0   36    7.57111    7.32214  3.29%     -    0s
     0     0    7.32691    0   29    7.57111    7.32691  3.23%     -    0s
     0     0    7.33390    0   48    7.57111    7.33390  3.13%     -    0s
     0     0    7.34070    0   43    7.57111    7.34070  3.04%     -    0s
     0     0    7.34070    0   11    7.57111    7.34070  3.04%     -    0s
     0     0    7.34070    0   18    7.57111    7.34070  3.04%     -    0s
     0     0    7.34070    0   18    7.57111    7.34070  3.04%     -    0s
     0     0    7.34070    0   16    7.57111    7.34070  3.04%     -    0s
     0     0    7.34070    0   53    7.57111    7.34070  3.04%     -    0s
     0     0    7.34410    0   44    7.57111    7.34410  3.00%     -    0s
     0     0    7.35141    0   41    7.57111    7.35141  2.90%     -    0s
     0     0    7.35295    0   47    7.57111    7.35295  2.88%     -    0s
     0     2    7.35295    0   47    7.57111    7.35295  2.88%     -    0s

Cutting planes:
  Gomory: 6
  Cover: 23
  Clique: 7
  MIR: 5

Explored 78 nodes (955 simplex iterations) in 0.39 seconds
Thread count was 4 (of 4 available processors)

Optimal solution found (tolerance 1.00e-04)
Best objective 7.571112923135e+00, best bound 7.571112923135e+00, gap 0.0%
Optimize a model with 50 rows, 315 columns and 645 nonzeros
Coefficient statistics:
  Matrix range    [1e+00, 4e+00]
  Objective range [2e-04, 5e+00]
  Bounds range    [1e+00, 1e+00]
  RHS range       [1e+00, 1e+00]
Found heuristic solution: objective 33.3461
Presolve time: 0.00s
Presolved: 50 rows, 315 columns, 645 nonzeros
Variable types: 0 continuous, 315 integer (315 binary)

Root relaxation: objective 6.502350e+00, 58 iterations, 0.00 seconds

    Nodes    |    Current Node    |     Objective Bounds      |     Work
 Expl Unexpl |  Obj  Depth IntInf | Incumbent    BestBd   Gap | It/Node Time

     0     0    6.50235    0   10   33.34610    6.50235  80.5%     -    0s
H    0     0                      11.5023502    6.50235  43.5%     -    0s
H    0     0                       7.9698679    6.50235  18.4%     -    0s
     0     0    6.83165    0   19    7.96987    6.83165  14.3%     -    0s
     0     0    6.96818    0   22    7.96987    6.96818  12.6%     -    0s
     0     0    7.14234    0   18    7.96987    7.14234  10.4%     -    0s
     0     0    7.14234    0   10    7.96987    7.14234  10.4%     -    0s
     0     0    7.14234    0   19    7.96987    7.14234  10.4%     -    0s
     0     0    7.14234    0   22    7.96987    7.14234  10.4%     -    0s
     0     0    7.16178    0   39    7.96987    7.16178  10.1%     -    0s
     0     0    7.22800    0   46    7.96987    7.22800  9.31%     -    0s
     0     0    7.24366    0   26    7.96987    7.24366  9.11%     -    0s
     0     0    7.24489    0   25    7.96987    7.24489  9.10%     -    0s
     0     0    7.25998    0   22    7.96987    7.25998  8.91%     -    0s
     0     0    7.26494    0   53    7.96987    7.26494  8.84%     -    0s
     0     0    7.29438    0   48    7.96987    7.29438  8.48%     -    0s
     0     0    7.29438    0   10    7.96987    7.29438  8.48%     -    0s
     0     0    7.29438    0   19    7.96987    7.29438  8.48%     -    0s
     0     0    7.29438    0   22    7.96987    7.29438  8.48%     -    0s
     0     0    7.29438    0   39    7.96987    7.29438  8.48%     -    0s
     0     0    7.29438    0   26    7.96987    7.29438  8.48%     -    0s
     0     0    7.29438    0   43    7.96987    7.29438  8.48%     -    0s
     0     0    7.29438    0   40    7.96987    7.29438  8.48%     -    0s
     0     0    7.29438    0   48    7.96987    7.29438  8.48%     -    0s
H    0     0                       7.9022676    7.29438  7.69%     -    0s
     0     2    7.29438    0   48    7.90227    7.29438  7.69%     -    0s
*   27     0              19       7.7098748    7.35648  4.58%   3.8    0s
*   85     0              10       7.6689838    7.39183  3.61%   3.5    0s
*  194     3              10       7.5711129    7.44604  1.65%   3.6    0s

Cutting planes:
  Gomory: 4
  Cover: 21
  Clique: 6
  MIR: 4
  Zero half: 1
  Mod-K: 1

Explored 216 nodes (1077 simplex iterations) in 0.33 seconds
Thread count was 4 (of 4 available processors)

Optimal solution found (tolerance 1.00e-04)
Best objective 7.571112923135e+00, best bound 7.571112923135e+00, gap 0.0%
Optimize a model with 50 rows, 315 columns and 645 nonzeros
Coefficient statistics:
  Matrix range    [1e+00, 4e+00]
  Objective range [2e-04, 5e+00]
  Bounds range    [1e+00, 1e+00]
  RHS range       [1e+00, 1e+00]
Found heuristic solution: objective 33.3461
Presolve time: 0.00s
Presolved: 50 rows, 315 columns, 645 nonzeros
Variable types: 0 continuous, 315 integer (315 binary)

Root relaxation: objective 6.521841e+00, 52 iterations, 0.00 seconds

    Nodes    |    Current Node    |     Objective Bounds      |     Work
 Expl Unexpl |  Obj  Depth IntInf | Incumbent    BestBd   Gap | It/Node Time

     0     0    6.52184    0    9   33.34610    6.52184  80.4%     -    0s
H    0     0                      10.5218407    6.52184  38.0%     -    0s
H    0     0                       8.6536925    6.52184  24.6%     -    0s
     0     0    6.85805    0   17    8.65369    6.85805  20.8%     -    0s
     0     0    6.97385    0   11    8.65369    6.97385  19.4%     -    0s
     0     0    7.14045    0   23    8.65369    7.14045  17.5%     -    0s
     0     0    7.19105    0   28    8.65369    7.19105  16.9%     -    0s
     0     0    7.27209    0   50    8.65369    7.27209  16.0%     -    0s
H    0     0                       8.0504527    7.27209  9.67%     -    0s
     0     0    7.27343    0   53    8.05045    7.27343  9.65%     -    0s
     0     0    7.28390    0   54    8.05045    7.28390  9.52%     -    0s
     0     0    7.28390    0    9    8.05045    7.28390  9.52%     -    0s
     0     0    7.28390    0   20    8.05045    7.28390  9.52%     -    0s
     0     0    7.28390    0   27    8.05045    7.28390  9.52%     -    0s
     0     0    7.28390    0   42    8.05045    7.28390  9.52%     -    0s
     0     0    7.28390    0   28    8.05045    7.28390  9.52%     -    0s
     0     0    7.28664    0   39    8.05045    7.28664  9.49%     -    0s
     0     0    7.29475    0   22    8.05045    7.29475  9.39%     -    0s
     0     0    7.30341    0   33    8.05045    7.30341  9.28%     -    0s
     0     0    7.32674    0   44    8.05045    7.32674  8.99%     -    0s
     0     0    7.33215    0   22    8.05045    7.33215  8.92%     -    0s
     0     0    7.33437    0   36    8.05045    7.33437  8.89%     -    0s
     0     0    7.34685    0   46    8.05045    7.34685  8.74%     -    0s
H    0     0                       7.7271702    7.34685  4.92%     -    0s
H    0     0                       7.6689838    7.34685  4.20%     -    0s
     0     0    7.34685    0    9    7.66898    7.34685  4.20%     -    0s
     0     0    7.34685    0   20    7.66898    7.34685  4.20%     -    0s
     0     0    7.34685    0   31    7.66898    7.34685  4.20%     -    0s
     0     0    7.34685    0   17    7.66898    7.34685  4.20%     -    0s
     0     0    7.34685    0    2    7.66898    7.34685  4.20%     -    0s
     0     0    7.34685    0   14    7.66898    7.34685  4.20%     -    0s
     0     0    7.34685    0   38    7.66898    7.34685  4.20%     -    0s
     0     0    7.34685    0   59    7.66898    7.34685  4.20%     -    0s
H    0     0                       7.5711129    7.34685  2.96%     -    0s
     0     0    7.34974    0   41    7.57111    7.34974  2.92%     -    0s
     0     0    7.36118    0   56    7.57111    7.36118  2.77%     -    0s
     0     0    7.36179    0   51    7.57111    7.36179  2.76%     -    0s
     0     0    7.36269    0   55    7.57111    7.36269  2.75%     -    0s
     0     0    7.36269    0    9    7.57111    7.36269  2.75%     -    0s
     0     0    7.36269    0   17    7.57111    7.36269  2.75%     -    0s
     0     0    7.36269    0   49    7.57111    7.36269  2.75%     -    0s
     0     0    7.36269    0    9    7.57111    7.36269  2.75%     -    0s
     0     0    7.39760    0   15    7.57111    7.39760  2.29%     -    0s
     0     0    7.40696    0   11    7.57111    7.40696  2.17%     -    0s
     0     0    7.40761    0   17    7.57111    7.40761  2.16%     -    0s
     0     0    7.41147    0   12    7.57111    7.41147  2.11%     -    0s
     0     0    7.41147    0    9    7.57111    7.41147  2.11%     -    0s
     0     0    7.41147    0   12    7.57111    7.41147  2.11%     -    0s
     0     0    7.41147    0    6    7.57111    7.41147  2.11%     -    0s
     0     0    7.41147    0   35    7.57111    7.41147  2.11%     -    0s
     0     0    7.41147    0   36    7.57111    7.41147  2.11%     -    0s
     0     0    7.41147    0   17    7.57111    7.41147  2.11%     -    0s
     0     0    7.41208    0   39    7.57111    7.41208  2.10%     -    0s
     0     0    7.41272    0   22    7.57111    7.41272  2.09%     -    0s
     0     2    7.41272    0   22    7.57111    7.41272  2.09%     -    0s

Cutting planes:
  Gomory: 6
  Cover: 20
  Clique: 9
  MIR: 3
  Zero half: 2

Explored 61 nodes (948 simplex iterations) in 0.48 seconds
Thread count was 4 (of 4 available processors)

Optimal solution found (tolerance 1.00e-04)
Best objective 7.571112923135e+00, best bound 7.571112923135e+00, gap 0.0%
Optimize a model with 50 rows, 315 columns and 645 nonzeros
Coefficient statistics:
  Matrix range    [1e+00, 4e+00]
  Objective range [2e-04, 5e+00]
  Bounds range    [1e+00, 1e+00]
  RHS range       [1e+00, 1e+00]
Found heuristic solution: objective 33.3461
Presolve time: 0.00s
Presolved: 50 rows, 315 columns, 645 nonzeros
Variable types: 0 continuous, 315 integer (315 binary)

Root relaxation: objective 6.594489e+00, 64 iterations, 0.00 seconds

    Nodes    |    Current Node    |     Objective Bounds      |     Work
 Expl Unexpl |  Obj  Depth IntInf | Incumbent    BestBd   Gap | It/Node Time

     0     0    6.59449    0   17   33.34610    6.59449  80.2%     -    0s
H    0     0                      12.5023502    6.59449  47.3%     -    0s
H    0     0                       8.4175004    6.59449  21.7%     -    0s
     0     0    6.92405    0   30    8.41750    6.92405  17.7%     -    0s
H    0     0                       8.1190721    6.92405  14.7%     -    0s
     0     0    7.03252    0   29    8.11907    7.03252  13.4%     -    0s
     0     0    7.19944    0   23    8.11907    7.19944  11.3%     -    0s
     0     0    7.19944    0   17    8.11907    7.19944  11.3%     -    0s
     0     0    7.19944    0   28    8.11907    7.19944  11.3%     -    0s
     0     0    7.19944    0   38    8.11907    7.19944  11.3%     -    0s
     0     0    7.20100    0   21    8.11907    7.20100  11.3%     -    0s
     0     0    7.25138    0   59    8.11907    7.25138  10.7%     -    0s
     0     0    7.30553    0   41    8.11907    7.30553  10.0%     -    0s
     0     0    7.31302    0   41    8.11907    7.31302  9.93%     -    0s
     0     0    7.32621    0   35    8.11907    7.32621  9.77%     -    0s
H    0     0                       7.9892849    7.32621  8.30%     -    0s
     0     0    7.32827    0   45    7.98928    7.32827  8.27%     -    0s
     0     0    7.33502    0   49    7.98928    7.33502  8.19%     -    0s
H    0     0                       7.9698679    7.33502  7.97%     -    0s
     0     0    7.33502    0   17    7.96987    7.33502  7.97%     -    0s
     0     0    7.33502    0   28    7.96987    7.33502  7.97%     -    0s
     0     0    7.33502    0   32    7.96987    7.33502  7.97%     -    0s
     0     0    7.33502    0   44    7.96987    7.33502  7.97%     -    0s
     0     0    7.33502    0   46    7.96987    7.33502  7.97%     -    0s
     0     0    7.34412    0   41    7.96987    7.34412  7.85%     -    0s
     0     0    7.34574    0   33    7.96987    7.34574  7.83%     -    0s
     0     0    7.34918    0   48    7.96987    7.34918  7.79%     -    0s
H    0     0                       7.7210987    7.34918  4.82%     -    0s
H    0     0                       7.5711129    7.34918  2.93%     -    0s
     0     0    7.34918    0   16    7.57111    7.34918  2.93%     -    0s
     0     0    7.34918    0   38    7.57111    7.34918  2.93%     -    0s
     0     0    7.34918    0   19    7.57111    7.34918  2.93%     -    0s
     0     0    7.34918    0   22    7.57111    7.34918  2.93%     -    0s
     0     0    7.34918    0   52    7.57111    7.34918  2.93%     -    0s
     0     0    7.34918    0   31    7.57111    7.34918  2.93%     -    0s
     0     0    7.37799    0   51    7.57111    7.37799  2.55%     -    0s
     0     0    7.40721    0   15    7.57111    7.40721  2.16%     -    0s
     0     0    7.41501    0   51    7.57111    7.41501  2.06%     -    0s
     0     0    7.41938    0    7    7.57111    7.41938  2.00%     -    0s
     0     0    7.41947    0   42    7.57111    7.41947  2.00%     -    0s
     0     0    7.43233    0   13    7.57111    7.43233  1.83%     -    0s
     0     2    7.43233    0   13    7.57111    7.43233  1.83%     -    0s

Cutting planes:
  Gomory: 4
  Cover: 20
  Clique: 3
  MIR: 5
  GUB cover: 1
  Zero half: 2
  Mod-K: 2

Explored 12 nodes (605 simplex iterations) in 0.44 seconds
Thread count was 4 (of 4 available processors)

Optimal solution found (tolerance 1.00e-04)
Best objective 7.571112923135e+00, best bound 7.571112923135e+00, gap 0.0%
Optimize a model with 50 rows, 315 columns and 645 nonzeros
Coefficient statistics:
  Matrix range    [1e+00, 4e+00]
  Objective range [2e-04, 5e+00]
  Bounds range    [1e+00, 1e+00]
  RHS range       [1e+00, 1e+00]
Found heuristic solution: objective 33.3461
Presolve time: 0.01s
Presolved: 50 rows, 315 columns, 645 nonzeros
Variable types: 0 continuous, 315 integer (315 binary)

Root relaxation: objective 6.542977e+00, 67 iterations, 0.00 seconds

    Nodes    |    Current Node    |     Objective Bounds      |     Work
 Expl Unexpl |  Obj  Depth IntInf | Incumbent    BestBd   Gap | It/Node Time

     0     0    6.54298    0    9   33.34610    6.54298  80.4%     -    0s
H    0     0                      11.5023502    6.54298  43.1%     -    0s
H    0     0                      10.5375844    6.54298  37.9%     -    0s
H    0     0                       8.9669629    6.54298  27.0%     -    0s
H    0     0                       8.8605780    6.54298  26.2%     -    0s
     0     0    6.90359    0   20    8.86058    6.90359  22.1%     -    0s
H    0     0                       8.0271653    6.90359  14.0%     -    0s
     0     0    6.97503    0   22    8.02717    6.97503  13.1%     -    0s
     0     0    7.08229    0    8    8.02717    7.08229  11.8%     -    0s
     0     0    7.08229    0    9    8.02717    7.08229  11.8%     -    0s
H    0     0                       7.9401481    7.08229  10.8%     -    0s
     0     0    7.08229    0   20    7.94015    7.08229  10.8%     -    0s
     0     0    7.08229    0   13    7.94015    7.08229  10.8%     -    0s
     0     0    7.17772    0   36    7.94015    7.17772  9.60%     -    0s
     0     0    7.24314    0   31    7.94015    7.24314  8.78%     -    0s
     0     0    7.28993    0   14    7.94015    7.28993  8.19%     -    0s
     0     0    7.29534    0   20    7.94015    7.29534  8.12%     -    0s
H    0     0                       7.5711129    7.29534  3.64%     -    0s
     0     0    7.29534    0    8    7.57111    7.29534  3.64%     -    0s
     0     0    7.29534    0   18    7.57111    7.29534  3.64%     -    0s
     0     0    7.29534    0   13    7.57111    7.29534  3.64%     -    0s
     0     0    7.29534    0   42    7.57111    7.29534  3.64%     -    0s
     0     0    7.30157    0   24    7.57111    7.30157  3.56%     -    0s
     0     0    7.31928    0   44    7.57111    7.31928  3.33%     -    0s
     0     0    7.32130    0   27    7.57111    7.32130  3.30%     -    0s
     0     0    7.32387    0   45    7.57111    7.32387  3.27%     -    0s
     0     2    7.32387    0   45    7.57111    7.32387  3.27%     -    0s

Cutting planes:
  Gomory: 6
  Cover: 19
  Clique: 5
  MIR: 4
  Mod-K: 1

Explored 71 nodes (614 simplex iterations) in 0.29 seconds
Thread count was 4 (of 4 available processors)

Optimal solution found (tolerance 1.00e-04)
Best objective 7.571112923135e+00, best bound 7.571112923135e+00, gap 0.0%

Gurobi 6.5.2 (win64) logging started 11/29/16 21:24:32


Gurobi 6.5.2 (win64) logging started 11/29/16 23:00:57


Gurobi 6.5.2 (win64) logging started 11/29/16 23:13:10


Gurobi 6.5.2 (win64) logging started 12/01/16 12:45:11


Gurobi 6.5.2 (win64) logging started 12/01/16 13:26:10


Gurobi 6.5.2 (win64) logging started 12/01/16 13:42:29


Gurobi 6.5.2 (win64) logging started 12/01/16 13:46:05

Optimize a model with 50 rows, 315 columns and 645 nonzeros
Coefficient statistics:
  Matrix range    [1e+00, 4e+00]
  Objective range [2e-04, 5e+00]
  Bounds range    [1e+00, 1e+00]
  RHS range       [1e+00, 1e+00]
Found heuristic solution: objective 33.3461
Presolve time: 0.01s
Presolved: 50 rows, 315 columns, 645 nonzeros
Variable types: 0 continuous, 315 integer (315 binary)

Root relaxation: objective 6.503730e+00, 59 iterations, 0.00 seconds

    Nodes    |    Current Node    |     Objective Bounds      |     Work
 Expl Unexpl |  Obj  Depth IntInf | Incumbent    BestBd   Gap | It/Node Time

     0     0    6.50373    0   12   33.34610    6.50373  80.5%     -    0s
H    0     0                      11.5023502    6.50373  43.5%     -    0s
H    0     0                       8.1447511    6.50373  20.1%     -    0s
     0     0    6.86502    0   26    8.14475    6.86502  15.7%     -    0s
H    0     0                       7.9698679    6.86502  13.9%     -    0s
     0     0    7.01939    0   27    7.96987    7.01939  11.9%     -    0s
     0     0    7.17619    0    2    7.96987    7.17619  10.0%     -    0s
     0     0    7.17619    0   12    7.96987    7.17619  10.0%     -    0s
     0     0    7.17619    0   26    7.96987    7.17619  10.0%     -    0s
     0     0    7.17619    0    7    7.96987    7.17619  10.0%     -    0s
     0     0    7.19878    0   23    7.96987    7.19878  9.68%     -    0s
H    0     0                       7.9084726    7.19878  8.97%     -    0s
     0     0    7.25223    0   11    7.90847    7.25223  8.30%     -    0s
     0     0    7.28325    0   47    7.90847    7.28325  7.91%     -    0s
     0     0    7.28993    0   14    7.90847    7.28993  7.82%     -    0s
     0     0    7.30088    0   22    7.90847    7.30088  7.68%     -    0s
     0     0    7.32622    0   54    7.90847    7.32622  7.36%     -    0s
     0     0    7.32642    0   55    7.90847    7.32642  7.36%     -    0s
     0     0    7.36717    0   50    7.90847    7.36717  6.84%     -    0s
     0     0    7.37560    0   46    7.90847    7.37560  6.74%     -    0s
     0     0    7.39175    0   51    7.90847    7.39175  6.53%     -    0s
     0     0    7.39175    0   11    7.90847    7.39175  6.53%     -    0s
     0     0    7.39175    0   24    7.90847    7.39175  6.53%     -    0s
     0     0    7.39175    0   50    7.90847    7.39175  6.53%     -    0s
     0     0    7.39175    0   25    7.90847    7.39175  6.53%     -    0s
     0     0    7.39175    0   57    7.90847    7.39175  6.53%     -    0s
     0     0    7.39175    0   49    7.90847    7.39175  6.53%     -    0s
H    0     0                       7.5711129    7.39175  2.37%     -    0s
     0     0    7.39352    0   49    7.57111    7.39352  2.35%     -    0s
     0     0    7.40077    0   53    7.57111    7.40077  2.25%     -    0s
     0     0    7.40077    0   11    7.57111    7.40077  2.25%     -    0s
     0     0    7.40077    0   21    7.57111    7.40077  2.25%     -    0s
     0     0    7.40077    0   14    7.57111    7.40077  2.25%     -    0s
     0     0    7.40077    0   35    7.57111    7.40077  2.25%     -    0s
     0     0    7.40077    0   34    7.57111    7.40077  2.25%     -    0s
     0     0    7.41938    0    7    7.57111    7.41938  2.00%     -    0s
     0     0    7.42222    0   43    7.57111    7.42222  1.97%     -    0s
     0     0    7.42906    0   38    7.57111    7.42906  1.88%     -    0s
     0     0    7.42985    0   38    7.57111    7.42985  1.87%     -    0s
     0     0    7.42992    0   36    7.57111    7.42992  1.86%     -    0s
     0     0    7.42992    0   11    7.57111    7.42992  1.86%     -    0s
     0     0    7.42992    0   22    7.57111    7.42992  1.86%     -    0s
     0     0    7.42992    0   14    7.57111    7.42992  1.86%     -    0s
     0     0    7.42992    0   21    7.57111    7.42992  1.86%     -    0s
     0     0    7.42992    0   29    7.57111    7.42992  1.86%     -    0s
     0     0    7.42992    0   42    7.57111    7.42992  1.86%     -    0s
     0     0    7.42992    0    7    7.57111    7.42992  1.86%     -    0s
     0     0    7.42992    0   35    7.57111    7.42992  1.86%     -    0s
     0     0    7.43043    0   37    7.57111    7.43043  1.86%     -    0s
     0     2    7.43043    0   37    7.57111    7.43043  1.86%     -    0s

Cutting planes:
  Gomory: 6
  Cover: 21
  Clique: 5
  MIR: 1

Explored 51 nodes (848 simplex iterations) in 0.46 seconds
Thread count was 4 (of 4 available processors)

Optimal solution found (tolerance 1.00e-04)
Best objective 7.571112923135e+00, best bound 7.571112923135e+00, gap 0.0%

Gurobi 6.5.2 (win64) logging started 12/01/16 17:33:32


Gurobi 6.5.2 (win64) logging started 12/02/16 16:31:27


Gurobi 6.5.2 (win64) logging started 12/02/16 17:17:12

Optimize a model with 50 rows, 315 columns and 645 nonzeros
Coefficient statistics:
  Matrix range    [1e+00, 4e+00]
  Objective range [2e-04, 5e+00]
  Bounds range    [1e+00, 1e+00]
  RHS range       [1e+00, 1e+00]
Found heuristic solution: objective 33.3461
Presolve time: 0.00s
Presolved: 50 rows, 315 columns, 645 nonzeros
Variable types: 0 continuous, 315 integer (315 binary)

Root relaxation: objective 6.503730e+00, 59 iterations, 0.00 seconds

    Nodes    |    Current Node    |     Objective Bounds      |     Work
 Expl Unexpl |  Obj  Depth IntInf | Incumbent    BestBd   Gap | It/Node Time

     0     0    6.50373    0   12   33.34610    6.50373  80.5%     -    0s
H    0     0                      11.5023502    6.50373  43.5%     -    0s
H    0     0                       8.1447511    6.50373  20.1%     -    0s
     0     0    6.86502    0   26    8.14475    6.86502  15.7%     -    0s
H    0     0                       7.9698679    6.86502  13.9%     -    0s
     0     0    7.01939    0   27    7.96987    7.01939  11.9%     -    0s
     0     0    7.17619    0    2    7.96987    7.17619  10.0%     -    0s
     0     0    7.17619    0   12    7.96987    7.17619  10.0%     -    0s
     0     0    7.17619    0   26    7.96987    7.17619  10.0%     -    0s
     0     0    7.17619    0    7    7.96987    7.17619  10.0%     -    0s
     0     0    7.19878    0   23    7.96987    7.19878  9.68%     -    0s
H    0     0                       7.9084726    7.19878  8.97%     -    0s
     0     0    7.25223    0   11    7.90847    7.25223  8.30%     -    0s
     0     0    7.28325    0   47    7.90847    7.28325  7.91%     -    0s
     0     0    7.28993    0   14    7.90847    7.28993  7.82%     -    0s
     0     0    7.30088    0   22    7.90847    7.30088  7.68%     -    0s
     0     0    7.32622    0   54    7.90847    7.32622  7.36%     -    0s
     0     0    7.32642    0   55    7.90847    7.32642  7.36%     -    0s
     0     0    7.36717    0   50    7.90847    7.36717  6.84%     -    0s
     0     0    7.37560    0   46    7.90847    7.37560  6.74%     -    0s
     0     0    7.39175    0   51    7.90847    7.39175  6.53%     -    0s
     0     0    7.39175    0   11    7.90847    7.39175  6.53%     -    0s
     0     0    7.39175    0   24    7.90847    7.39175  6.53%     -    0s
     0     0    7.39175    0   50    7.90847    7.39175  6.53%     -    0s
     0     0    7.39175    0   25    7.90847    7.39175  6.53%     -    0s
     0     0    7.39175    0   57    7.90847    7.39175  6.53%     -    0s
     0     0    7.39175    0   49    7.90847    7.39175  6.53%     -    0s
H    0     0                       7.5711129    7.39175  2.37%     -    0s
     0     0    7.39352    0   49    7.57111    7.39352  2.35%     -    0s
     0     0    7.40077    0   53    7.57111    7.40077  2.25%     -    0s
     0     0    7.40077    0   11    7.57111    7.40077  2.25%     -    0s
     0     0    7.40077    0   21    7.57111    7.40077  2.25%     -    0s
     0     0    7.40077    0   14    7.57111    7.40077  2.25%     -    0s
     0     0    7.40077    0   35    7.57111    7.40077  2.25%     -    0s
     0     0    7.40077    0   34    7.57111    7.40077  2.25%     -    0s
     0     0    7.41938    0    7    7.57111    7.41938  2.00%     -    0s
     0     0    7.42222    0   43    7.57111    7.42222  1.97%     -    0s
     0     0    7.42906    0   38    7.57111    7.42906  1.88%     -    0s
     0     0    7.42985    0   38    7.57111    7.42985  1.87%     -    0s
     0     0    7.42992    0   36    7.57111    7.42992  1.86%     -    0s
     0     0    7.42992    0   11    7.57111    7.42992  1.86%     -    0s
     0     0    7.42992    0   22    7.57111    7.42992  1.86%     -    0s
     0     0    7.42992    0   14    7.57111    7.42992  1.86%     -    0s
     0     0    7.42992    0   21    7.57111    7.42992  1.86%     -    0s
     0     0    7.42992    0   29    7.57111    7.42992  1.86%     -    0s
     0     0    7.42992    0   42    7.57111    7.42992  1.86%     -    0s
     0     0    7.42992    0    7    7.57111    7.42992  1.86%     -    0s
     0     0    7.42992    0   35    7.57111    7.42992  1.86%     -    0s
     0     0    7.43043    0   37    7.57111    7.43043  1.86%     -    0s
     0     2    7.43043    0   37    7.57111    7.43043  1.86%     -    0s

Cutting planes:
  Gomory: 6
  Cover: 21
  Clique: 5
  MIR: 1

Explored 51 nodes (848 simplex iterations) in 0.42 seconds
Thread count was 4 (of 4 available processors)

Optimal solution found (tolerance 1.00e-04)
Best objective 7.571112923135e+00, best bound 7.571112923135e+00, gap 0.0%

Gurobi 6.5.2 (win64) logging started 12/02/16 17:18:15

Optimize a model with 50 rows, 315 columns and 645 nonzeros
Coefficient statistics:
  Matrix range    [1e+00, 4e+00]
  Objective range [2e-04, 5e+00]
  Bounds range    [1e+00, 1e+00]
  RHS range       [1e+00, 1e+00]
Found heuristic solution: objective 33.3461
Presolve time: 0.00s
Presolved: 50 rows, 315 columns, 645 nonzeros
Variable types: 0 continuous, 315 integer (315 binary)

Root relaxation: objective 6.503730e+00, 59 iterations, 0.00 seconds

    Nodes    |    Current Node    |     Objective Bounds      |     Work
 Expl Unexpl |  Obj  Depth IntInf | Incumbent    BestBd   Gap | It/Node Time

     0     0    6.50373    0   12   33.34610    6.50373  80.5%     -    0s
H    0     0                      11.5023502    6.50373  43.5%     -    0s
H    0     0                       8.1447511    6.50373  20.1%     -    0s
     0     0    6.86502    0   26    8.14475    6.86502  15.7%     -    0s
H    0     0                       7.9698679    6.86502  13.9%     -    0s
     0     0    7.01939    0   27    7.96987    7.01939  11.9%     -    0s
     0     0    7.17619    0    2    7.96987    7.17619  10.0%     -    0s
     0     0    7.17619    0   12    7.96987    7.17619  10.0%     -    0s
     0     0    7.17619    0   26    7.96987    7.17619  10.0%     -    0s
     0     0    7.17619    0    7    7.96987    7.17619  10.0%     -    0s
     0     0    7.19878    0   23    7.96987    7.19878  9.68%     -    0s
H    0     0                       7.9084726    7.19878  8.97%     -    0s
     0     0    7.25223    0   11    7.90847    7.25223  8.30%     -    0s
     0     0    7.28325    0   47    7.90847    7.28325  7.91%     -    0s
     0     0    7.28993    0   14    7.90847    7.28993  7.82%     -    0s
     0     0    7.30088    0   22    7.90847    7.30088  7.68%     -    0s
     0     0    7.32622    0   54    7.90847    7.32622  7.36%     -    0s
     0     0    7.32642    0   55    7.90847    7.32642  7.36%     -    0s
     0     0    7.36717    0   50    7.90847    7.36717  6.84%     -    0s
     0     0    7.37560    0   46    7.90847    7.37560  6.74%     -    0s
     0     0    7.39175    0   51    7.90847    7.39175  6.53%     -    0s
     0     0    7.39175    0   11    7.90847    7.39175  6.53%     -    0s
     0     0    7.39175    0   24    7.90847    7.39175  6.53%     -    0s
     0     0    7.39175    0   50    7.90847    7.39175  6.53%     -    0s
     0     0    7.39175    0   25    7.90847    7.39175  6.53%     -    0s
     0     0    7.39175    0   57    7.90847    7.39175  6.53%     -    0s
     0     0    7.39175    0   49    7.90847    7.39175  6.53%     -    0s
H    0     0                       7.5711129    7.39175  2.37%     -    0s
     0     0    7.39352    0   49    7.57111    7.39352  2.35%     -    0s
     0     0    7.40077    0   53    7.57111    7.40077  2.25%     -    0s
     0     0    7.40077    0   11    7.57111    7.40077  2.25%     -    0s
     0     0    7.40077    0   21    7.57111    7.40077  2.25%     -    0s
     0     0    7.40077    0   14    7.57111    7.40077  2.25%     -    0s
     0     0    7.40077    0   35    7.57111    7.40077  2.25%     -    0s
     0     0    7.40077    0   34    7.57111    7.40077  2.25%     -    0s
     0     0    7.41938    0    7    7.57111    7.41938  2.00%     -    0s
     0     0    7.42222    0   43    7.57111    7.42222  1.97%     -    0s
     0     0    7.42906    0   38    7.57111    7.42906  1.88%     -    0s
     0     0    7.42985    0   38    7.57111    7.42985  1.87%     -    0s
     0     0    7.42992    0   36    7.57111    7.42992  1.86%     -    0s
     0     0    7.42992    0   11    7.57111    7.42992  1.86%     -    0s
     0     0    7.42992    0   22    7.57111    7.42992  1.86%     -    0s
     0     0    7.42992    0   14    7.57111    7.42992  1.86%     -    0s
     0     0    7.42992    0   21    7.57111    7.42992  1.86%     -    0s
     0     0    7.42992    0   29    7.57111    7.42992  1.86%     -    0s
     0     0    7.42992    0   42    7.57111    7.42992  1.86%     -    0s
     0     0    7.42992    0    7    7.57111    7.42992  1.86%     -    0s
     0     0    7.42992    0   35    7.57111    7.42992  1.86%     -    0s
     0     0    7.43043    0   37    7.57111    7.43043  1.86%     -    0s
     0     2    7.43043    0   37    7.57111    7.43043  1.86%     -    0s

Cutting planes:
  Gomory: 6
  Cover: 21
  Clique: 5
  MIR: 1

Explored 51 nodes (848 simplex iterations) in 0.43 seconds
Thread count was 4 (of 4 available processors)

Optimal solution found (tolerance 1.00e-04)
Best objective 7.571112923135e+00, best bound 7.571112923135e+00, gap 0.0%

Gurobi 6.5.2 (win64) logging started 12/08/16 12:58:39

Optimize a model with 50 rows, 315 columns and 645 nonzeros
Coefficient statistics:
  Matrix range    [1e+00, 4e+00]
  Objective range [2e-04, 5e+00]
  Bounds range    [1e+00, 1e+00]
  RHS range       [1e+00, 1e+00]
Found heuristic solution: objective 33.3461
Presolve time: 0.01s
Presolved: 50 rows, 315 columns, 645 nonzeros
Variable types: 0 continuous, 315 integer (315 binary)

Root relaxation: objective 6.503730e+00, 59 iterations, 0.00 seconds

    Nodes    |    Current Node    |     Objective Bounds      |     Work
 Expl Unexpl |  Obj  Depth IntInf | Incumbent    BestBd   Gap | It/Node Time

     0     0    6.50373    0   12   33.34610    6.50373  80.5%     -    0s
H    0     0                      11.5023502    6.50373  43.5%     -    0s
H    0     0                       8.1447511    6.50373  20.1%     -    0s
     0     0    6.86502    0   26    8.14475    6.86502  15.7%     -    0s
H    0     0                       7.9698679    6.86502  13.9%     -    0s
     0     0    7.01939    0   27    7.96987    7.01939  11.9%     -    0s
     0     0    7.17619    0    2    7.96987    7.17619  10.0%     -    0s
     0     0    7.17619    0   12    7.96987    7.17619  10.0%     -    0s
     0     0    7.17619    0   26    7.96987    7.17619  10.0%     -    0s
     0     0    7.17619    0    7    7.96987    7.17619  10.0%     -    0s
     0     0    7.19878    0   23    7.96987    7.19878  9.68%     -    0s
H    0     0                       7.9084726    7.19878  8.97%     -    0s
     0     0    7.25223    0   11    7.90847    7.25223  8.30%     -    0s
     0     0    7.28325    0   47    7.90847    7.28325  7.91%     -    0s
     0     0    7.28993    0   14    7.90847    7.28993  7.82%     -    0s
     0     0    7.30088    0   22    7.90847    7.30088  7.68%     -    0s
     0     0    7.32622    0   54    7.90847    7.32622  7.36%     -    0s
     0     0    7.32642    0   55    7.90847    7.32642  7.36%     -    0s
     0     0    7.36717    0   50    7.90847    7.36717  6.84%     -    0s
     0     0    7.37560    0   46    7.90847    7.37560  6.74%     -    0s
     0     0    7.39175    0   51    7.90847    7.39175  6.53%     -    0s
     0     0    7.39175    0   11    7.90847    7.39175  6.53%     -    0s
     0     0    7.39175    0   24    7.90847    7.39175  6.53%     -    0s
     0     0    7.39175    0   50    7.90847    7.39175  6.53%     -    0s
     0     0    7.39175    0   25    7.90847    7.39175  6.53%     -    0s
     0     0    7.39175    0   57    7.90847    7.39175  6.53%     -    0s
     0     0    7.39175    0   49    7.90847    7.39175  6.53%     -    0s
H    0     0                       7.5711129    7.39175  2.37%     -    0s
     0     0    7.39352    0   49    7.57111    7.39352  2.35%     -    0s
     0     0    7.40077    0   53    7.57111    7.40077  2.25%     -    0s
     0     0    7.40077    0   11    7.57111    7.40077  2.25%     -    0s
     0     0    7.40077    0   21    7.57111    7.40077  2.25%     -    0s
     0     0    7.40077    0   14    7.57111    7.40077  2.25%     -    0s
     0     0    7.40077    0   35    7.57111    7.40077  2.25%     -    0s
     0     0    7.40077    0   34    7.57111    7.40077  2.25%     -    0s
     0     0    7.41938    0    7    7.57111    7.41938  2.00%     -    0s
     0     0    7.42222    0   43    7.57111    7.42222  1.97%     -    0s
     0     0    7.42906    0   38    7.57111    7.42906  1.88%     -    0s
     0     0    7.42985    0   38    7.57111    7.42985  1.87%     -    0s
     0     0    7.42992    0   36    7.57111    7.42992  1.86%     -    0s
     0     0    7.42992    0   11    7.57111    7.42992  1.86%     -    0s
     0     0    7.42992    0   22    7.57111    7.42992  1.86%     -    0s
     0     0    7.42992    0   14    7.57111    7.42992  1.86%     -    0s
     0     0    7.42992    0   21    7.57111    7.42992  1.86%     -    0s
     0     0    7.42992    0   29    7.57111    7.42992  1.86%     -    0s
     0     0    7.42992    0   42    7.57111    7.42992  1.86%     -    0s
     0     0    7.42992    0    7    7.57111    7.42992  1.86%     -    0s
     0     0    7.42992    0   35    7.57111    7.42992  1.86%     -    0s
     0     0    7.43043    0   37    7.57111    7.43043  1.86%     -    0s
     0     2    7.43043    0   37    7.57111    7.43043  1.86%     -    0s

Cutting planes:
  Gomory: 6
  Cover: 21
  Clique: 5
  MIR: 1

Explored 51 nodes (848 simplex iterations) in 0.42 seconds
Thread count was 4 (of 4 available processors)

Optimal solution found (tolerance 1.00e-04)
Best objective 7.571112923135e+00, best bound 7.571112923135e+00, gap 0.0%

Gurobi 6.5.2 (win64) logging started 12/10/16 12:49:06


Gurobi 6.5.2 (win64) logging started 12/10/16 17:25:33


Gurobi 6.5.2 (win64) logging started 12/10/16 18:32:34

